















































Home - FRC 5190: FALCON FURY


































































 




































FRC 5190: FALCON FURY














Blog
History
Home
Our Robots
Resources
Sponsors
Student Registration!














Home










 














Our Mission
 
























Falcon Fury Robotics Team 5190 strives to enrich the lives of students and mentors through STEM (Science Technology Engineering and Math) education and the FIRST organization. Our team structure engages and augments the learning provided by schools. We make every effort to set forth a lifelong passion for becoming a global leader in a respective field of our world economy.
 








Pin Up apk download
 desde su sitio web oficial para disfrutar de una experiencia de juego completa en tu dispositivo móvil. Con la app de PinUp, podrás acceder a todos los servicios y juegos ofrecidos por la plataforma de manera rápida y sencilla.
 
























Our Student Board
 
































President
Abinaya Srinivasan
Vice President of Business & Operations
Shyam Patel
Vice President of Marketing
Isha Shetti
 
 
















Strategy Director
Aryan Joy
Vice President of Engineering
Ved Sutariya & Alex Atansova
Vice President of Programming
Hemanth Nallagatla
 
































Our Team Coaches
 
































Head Coach
Irena Klayko
 
















Assistant Head Coach
Micheal Miley
 
































Our Mentors
 
































Wyatt Urmey
Engineering & Marketing
David Henderson
Engineering
Saurabh Gupta
Business & Operations
 
 
















O’lena Urmey
Business & Team Operations
Ryan Shah
Marketing & Business
Anand Sagar
Programming & Marketing
 
Sreejith Pillai
Programming
 
































Our Parent Volunteers
 
































Swati Bhardwaj
Lunch Coordination
 
 
 
















Suparna Kolar
Carpool & Hotel Coordination
 
 
































We extend an enormous thank you to all of our mentors and parent volunteers! Without your consistent support and dedication, it would be impossible for us to be as impactful as we are! Thank you!
 


































Questions? Comments? Email us!
[email protected]










Join our team →










© 2014-2025 · FRC 5190: Falcons Community Robotics Team


Instagram
 · 
Twitter
 · 
LinkedIn
















2025-2026 Season Student Registration Is Now Open!






Register				




X





















































